<?xml version="1.0" encoding="UTF-8"?>
<testng-results ignored="3" total="4" passed="1" failed="0" skipped="0">
  <reporter-output>
  </reporter-output>
  <suite started-at="2023-11-08T21:50:14 EET" name="Default suite" finished-at="2023-11-08T21:50:15 EET" duration-ms="682">
    <groups>
    </groups>
    <test started-at="2023-11-08T21:50:14 EET" name="Default test" finished-at="2023-11-08T21:50:15 EET" duration-ms="682">
      <class name="dataBaseTesting.cnblue">
        <test-method is-config="true" signature="setup()[pri:0, instance:dataBaseTesting.cnblue@2667f029]" started-at="2023-11-08T21:50:14 EET" name="setup" finished-at="2023-11-08T21:50:15 EET" duration-ms="626" status="PASS">
          <reporter-output>
          </reporter-output>
        </test-method> <!-- setup -->
        <test-method signature="UpdateQuery()[pri:0, instance:dataBaseTesting.cnblue@2667f029]" started-at="2023-11-08T21:50:15 EET" name="UpdateQuery" finished-at="2023-11-08T21:50:15 EET" duration-ms="20" status="PASS">
          <reporter-output>
          </reporter-output>
        </test-method> <!-- UpdateQuery -->
      </class> <!-- dataBaseTesting.cnblue -->
    </test> <!-- Default test -->
  </suite> <!-- Default suite -->
</testng-results>
