<?xml version="1.0" encoding="UTF-8"?>
<!-- Generated by org.testng.reporters.JUnitXMLReporter -->
<testsuite ignored="3" hostname="DESKTOP-13EV4P4" failures="0" tests="1" name="Default test" time="0.682" errors="0" timestamp="2023-11-08T21:50:15 EET">
  <testcase classname="dataBaseTesting.cnblue" name="UpdateQuery" time="0.02"/>
  <testcase classname="dataBaseTesting.cnblue" name="DeleteQuery" time="0.0">
    <ignored/>
  </testcase> <!-- DeleteQuery -->
  <testcase classname="dataBaseTesting.cnblue" name="InsertQuery" time="0.0">
    <ignored/>
  </testcase> <!-- InsertQuery -->
  <testcase classname="dataBaseTesting.cnblue" name="SelectQuery" time="0.0">
    <ignored/>
  </testcase> <!-- SelectQuery -->
</testsuite> <!-- Default test -->
